<?xml version="1.0" encoding="UTF-8"?>
<testng-results skipped="0" failed="0" ignored="0" total="1" passed="1">
  <reporter-output>
  </reporter-output>
  <suite name="Default suite" duration-ms="202280" started-at="2018-02-28T13:36:13Z" finished-at="2018-02-28T13:39:36Z">
    <groups>
    </groups>
    <test name="Default test" duration-ms="202280" started-at="2018-02-28T13:36:13Z" finished-at="2018-02-28T13:39:36Z">
      <class name="Sprint3.Subtitle">
        <test-method status="PASS" signature="startApp()[pri:0, instance:Sprint3.Subtitle@77cd7a0]" name="startApp" duration-ms="202246" started-at="2018-02-28T19:06:13Z" finished-at="2018-02-28T19:09:36Z">
          <reporter-output>
          </reporter-output>
        </test-method> <!-- startApp -->
      </class> <!-- Sprint3.Subtitle -->
    </test> <!-- Default test -->
  </suite> <!-- Default suite -->
</testng-results>
